Analysis & Synthesis report for DUT
Thu Mar 18 13:19:44 2021
Quartus Prime Version 20.1.0 Build 711 06/05/2020 SJ Lite Edition


---------------------
; Table of Contents ;
---------------------
  1. Legal Notice
  2. Analysis & Synthesis Summary
  3. Analysis & Synthesis Settings
  4. Parallel Compilation
  5. Analysis & Synthesis Source Files Read
  6. Analysis & Synthesis Resource Usage Summary
  7. Analysis & Synthesis Resource Utilization by Entity
  8. State Machine - |TopLevel|Scan_Chain:scan_instance|current_state
  9. General Register Statistics
 10. Multiplexer Restructuring Statistics (Restructuring Performed)
 11. Parameter Settings for User Entity Instance: Scan_Chain:scan_instance
 12. Parameter Settings for User Entity Instance: Scan_Chain:scan_instance|Scan_Reg:In_Reg
 13. Parameter Settings for User Entity Instance: Scan_Chain:scan_instance|Scan_Reg:Out_Reg
 14. Port Connectivity Checks: "DUT:dut_instance|seqDetector:add_instance|Invert_1:Inv2"
 15. Port Connectivity Checks: "Scan_Chain:scan_instance|Scan_Reg:Out_Reg"
 16. Port Connectivity Checks: "Scan_Chain:scan_instance|Scan_Reg:In_Reg"
 17. Analysis & Synthesis Messages



----------------
; Legal Notice ;
----------------
Copyright (C) 2020  Intel Corporation. All rights reserved.
Your use of Intel Corporation's design tools, logic functions 
and other software and tools, and any partner logic 
functions, and any output files from any of the foregoing 
(including device programming or simulation files), and any 
associated documentation or information are expressly subject 
to the terms and conditions of the Intel Program License 
Subscription Agreement, the Intel Quartus Prime License Agreement,
the Intel FPGA IP License Agreement, or other applicable license
agreement, including, without limitation, that your use is for
the sole purpose of programming logic devices manufactured by
Intel and sold by Intel or its authorized distributors.  Please
refer to the applicable agreement for further details, at
https://fpgasoftware.intel.com/eula.



+---------------------------------------------------------------------------+
; Analysis & Synthesis Summary                                              ;
+-----------------------------+---------------------------------------------+
; Analysis & Synthesis Status ; Successful - Thu Mar 18 13:19:44 2021       ;
; Quartus Prime Version       ; 20.1.0 Build 711 06/05/2020 SJ Lite Edition ;
; Revision Name               ; DUT                                         ;
; Top-level Entity Name       ; TopLevel                                    ;
; Family                      ; MAX V                                       ;
; Total logic elements        ; 26                                          ;
; Total pins                  ; 5                                           ;
; Total virtual pins          ; 0                                           ;
; UFM blocks                  ; 0 / 1 ( 0 % )                               ;
+-----------------------------+---------------------------------------------+


+------------------------------------------------------------------------------------------------------------+
; Analysis & Synthesis Settings                                                                              ;
+------------------------------------------------------------------+--------------------+--------------------+
; Option                                                           ; Setting            ; Default Value      ;
+------------------------------------------------------------------+--------------------+--------------------+
; Device                                                           ; 5M1270ZT144C5      ;                    ;
; Top-level entity name                                            ; TopLevel           ; DUT                ;
; Family name                                                      ; MAX V              ; Cyclone V          ;
; Use smart compilation                                            ; Off                ; Off                ;
; Enable parallel Assembler and Timing Analyzer during compilation ; On                 ; On                 ;
; Enable compact report table                                      ; Off                ; Off                ;
; Restructure Multiplexers                                         ; Auto               ; Auto               ;
; Create Debugging Nodes for IP Cores                              ; Off                ; Off                ;
; Preserve fewer node names                                        ; On                 ; On                 ;
; Intel FPGA IP Evaluation Mode                                    ; Enable             ; Enable             ;
; Verilog Version                                                  ; Verilog_2001       ; Verilog_2001       ;
; VHDL Version                                                     ; VHDL_1993          ; VHDL_1993          ;
; State Machine Processing                                         ; Auto               ; Auto               ;
; Safe State Machine                                               ; Off                ; Off                ;
; Extract Verilog State Machines                                   ; On                 ; On                 ;
; Extract VHDL State Machines                                      ; On                 ; On                 ;
; Ignore Verilog initial constructs                                ; Off                ; Off                ;
; Iteration limit for constant Verilog loops                       ; 5000               ; 5000               ;
; Iteration limit for non-constant Verilog loops                   ; 250                ; 250                ;
; Add Pass-Through Logic to Inferred RAMs                          ; On                 ; On                 ;
; Infer RAMs from Raw Logic                                        ; On                 ; On                 ;
; Parallel Synthesis                                               ; On                 ; On                 ;
; NOT Gate Push-Back                                               ; On                 ; On                 ;
; Power-Up Don't Care                                              ; On                 ; On                 ;
; Remove Redundant Logic Cells                                     ; Off                ; Off                ;
; Remove Duplicate Registers                                       ; On                 ; On                 ;
; Ignore CARRY Buffers                                             ; Off                ; Off                ;
; Ignore CASCADE Buffers                                           ; Off                ; Off                ;
; Ignore GLOBAL Buffers                                            ; Off                ; Off                ;
; Ignore ROW GLOBAL Buffers                                        ; Off                ; Off                ;
; Ignore LCELL Buffers                                             ; Off                ; Off                ;
; Ignore SOFT Buffers                                              ; On                 ; On                 ;
; Limit AHDL Integers to 32 Bits                                   ; Off                ; Off                ;
; Optimization Technique                                           ; Balanced           ; Balanced           ;
; Carry Chain Length                                               ; 70                 ; 70                 ;
; Auto Carry Chains                                                ; On                 ; On                 ;
; Auto Open-Drain Pins                                             ; On                 ; On                 ;
; Perform WYSIWYG Primitive Resynthesis                            ; Off                ; Off                ;
; Auto Shift Register Replacement                                  ; Auto               ; Auto               ;
; Allow Shift Register Merging across Hierarchies                  ; Auto               ; Auto               ;
; Auto Clock Enable Replacement                                    ; On                 ; On                 ;
; Allow Synchronous Control Signals                                ; On                 ; On                 ;
; Force Use of Synchronous Clear Signals                           ; Off                ; Off                ;
; Auto Resource Sharing                                            ; Off                ; Off                ;
; Use LogicLock Constraints during Resource Balancing              ; On                 ; On                 ;
; Ignore translate_off and synthesis_off directives                ; Off                ; Off                ;
; Report Parameter Settings                                        ; On                 ; On                 ;
; Report Source Assignments                                        ; On                 ; On                 ;
; Report Connectivity Checks                                       ; On                 ; On                 ;
; Ignore Maximum Fan-Out Assignments                               ; Off                ; Off                ;
; Synchronization Register Chain Length                            ; 2                  ; 2                  ;
; Power Optimization During Synthesis                              ; Normal compilation ; Normal compilation ;
; HDL message level                                                ; Level2             ; Level2             ;
; Suppress Register Optimization Related Messages                  ; Off                ; Off                ;
; Number of Removed Registers Reported in Synthesis Report         ; 5000               ; 5000               ;
; Number of Swept Nodes Reported in Synthesis Report               ; 5000               ; 5000               ;
; Number of Inverted Registers Reported in Synthesis Report        ; 100                ; 100                ;
; Clock MUX Protection                                             ; On                 ; On                 ;
; Block Design Naming                                              ; Auto               ; Auto               ;
; Synthesis Effort                                                 ; Auto               ; Auto               ;
; Shift Register Replacement - Allow Asynchronous Clear Signal     ; On                 ; On                 ;
; Analysis & Synthesis Message Level                               ; Medium             ; Medium             ;
; Disable Register Merging Across Hierarchies                      ; Auto               ; Auto               ;
+------------------------------------------------------------------+--------------------+--------------------+


+------------------------------------------+
; Parallel Compilation                     ;
+----------------------------+-------------+
; Processors                 ; Number      ;
+----------------------------+-------------+
; Number detected on machine ; 8           ;
; Maximum allowed            ; 4           ;
;                            ;             ;
; Average used               ; 1.00        ;
; Maximum used               ; 1           ;
;                            ;             ;
; Usage by Processor         ; % Time Used ;
;     Processor 1            ; 100.0%      ;
+----------------------------+-------------+


+--------------------------------------------------------------------------------------------------------------------------------+
; Analysis & Synthesis Source Files Read                                                                                         ;
+----------------------------------+-----------------+-----------------+-----------------------------------------------+---------+
; File Name with User-Entered Path ; Used in Netlist ; File Type       ; File Name with Absolute Path                  ; Library ;
+----------------------------------+-----------------+-----------------+-----------------------------------------------+---------+
; TopLevel.vhdl                    ; yes             ; User VHDL File  ; E:/4. SPRING 2021/EE214/EXP 3/TopLevel.vhdl   ;         ;
; scan_reg.vhdl                    ; yes             ; User VHDL File  ; E:/4. SPRING 2021/EE214/EXP 3/scan_reg.vhdl   ;         ;
; scan_chain.vhdl                  ; yes             ; User VHDL File  ; E:/4. SPRING 2021/EE214/EXP 3/scan_chain.vhdl ;         ;
; seqDetector.vhd                  ; yes             ; User VHDL File  ; E:/4. SPRING 2021/EE214/EXP 3/seqDetector.vhd ;         ;
; Gates.vhdl                       ; yes             ; User VHDL File  ; E:/4. SPRING 2021/EE214/EXP 3/Gates.vhdl      ;         ;
; DUT.vhdl                         ; yes             ; User VHDL File  ; E:/4. SPRING 2021/EE214/EXP 3/DUT.vhdl        ;         ;
; D_FF.vhd                         ; yes             ; User VHDL File  ; E:/4. SPRING 2021/EE214/EXP 3/D_FF.vhd        ;         ;
+----------------------------------+-----------------+-----------------+-----------------------------------------------+---------+


+-----------------------------------------------------+
; Analysis & Synthesis Resource Usage Summary         ;
+---------------------------------------------+-------+
; Resource                                    ; Usage ;
+---------------------------------------------+-------+
; Total logic elements                        ; 26    ;
;     -- Combinational with no register       ; 11    ;
;     -- Register only                        ; 1     ;
;     -- Combinational with a register        ; 14    ;
;                                             ;       ;
; Logic element usage by number of LUT inputs ;       ;
;     -- 4 input functions                    ; 7     ;
;     -- 3 input functions                    ; 11    ;
;     -- 2 input functions                    ; 7     ;
;     -- 1 input functions                    ; 0     ;
;     -- 0 input functions                    ; 0     ;
;                                             ;       ;
; Logic elements by mode                      ;       ;
;     -- normal mode                          ; 26    ;
;     -- arithmetic mode                      ; 0     ;
;     -- qfbk mode                            ; 0     ;
;     -- register cascade mode                ; 0     ;
;     -- synchronous clear/load mode          ; 1     ;
;     -- asynchronous clear/load mode         ; 5     ;
;                                             ;       ;
; Total registers                             ; 15    ;
; I/O pins                                    ; 5     ;
; Maximum fan-out node                        ; TRST  ;
; Maximum fan-out                             ; 21    ;
; Total fan-out                               ; 103   ;
; Average fan-out                             ; 3.32  ;
+---------------------------------------------+-------+


+----------------------------------------------------------------------------------------------------------------------------------------------------------------------------------------------------------------------------------------------------------------------------------------------+
; Analysis & Synthesis Resource Utilization by Entity                                                                                                                                                                                                                                          ;
+----------------------------------+-------------+--------------+------------+------+--------------+--------------+-------------------+------------------+-----------------+------------+-------------------------------------------------------------------------+-------------+--------------+
; Compilation Hierarchy Node       ; Logic Cells ; LC Registers ; UFM Blocks ; Pins ; Virtual Pins ; LUT-Only LCs ; Register-Only LCs ; LUT/Register LCs ; Carry Chain LCs ; Packed LCs ; Full Hierarchy Name                                                     ; Entity Name ; Library Name ;
+----------------------------------+-------------+--------------+------------+------+--------------+--------------+-------------------+------------------+-----------------+------------+-------------------------------------------------------------------------+-------------+--------------+
; |TopLevel                        ; 26 (0)      ; 15           ; 0          ; 5    ; 0            ; 11 (0)       ; 1 (0)             ; 14 (0)           ; 0 (0)           ; 0 (0)      ; |TopLevel                                                               ; TopLevel    ; work         ;
;    |DUT:dut_instance|            ; 4 (0)       ; 3            ; 0          ; 0    ; 0            ; 1 (0)        ; 0 (0)             ; 3 (0)            ; 0 (0)           ; 0 (0)      ; |TopLevel|DUT:dut_instance                                              ; DUT         ; work         ;
;       |seqDetector:add_instance| ; 4 (0)       ; 3            ; 0          ; 0    ; 0            ; 1 (0)        ; 0 (0)             ; 3 (0)            ; 0 (0)           ; 0 (0)      ; |TopLevel|DUT:dut_instance|seqDetector:add_instance                     ; seqDetector ; work         ;
;          |dFlipFlop:FlipFlop1|   ; 1 (1)       ; 1            ; 0          ; 0    ; 0            ; 0 (0)        ; 0 (0)             ; 1 (1)            ; 0 (0)           ; 0 (0)      ; |TopLevel|DUT:dut_instance|seqDetector:add_instance|dFlipFlop:FlipFlop1 ; dFlipFlop   ; work         ;
;          |dFlipFlop:FlipFlop2|   ; 1 (1)       ; 1            ; 0          ; 0    ; 0            ; 0 (0)        ; 0 (0)             ; 1 (1)            ; 0 (0)           ; 0 (0)      ; |TopLevel|DUT:dut_instance|seqDetector:add_instance|dFlipFlop:FlipFlop2 ; dFlipFlop   ; work         ;
;          |dFlipFlop:FlipFlop3|   ; 2 (2)       ; 1            ; 0          ; 0    ; 0            ; 1 (1)        ; 0 (0)             ; 1 (1)            ; 0 (0)           ; 0 (0)      ; |TopLevel|DUT:dut_instance|seqDetector:add_instance|dFlipFlop:FlipFlop3 ; dFlipFlop   ; work         ;
;    |Scan_Chain:scan_instance|    ; 22 (7)      ; 12           ; 0          ; 0    ; 0            ; 10 (2)       ; 1 (1)             ; 11 (4)           ; 0 (0)           ; 0 (0)      ; |TopLevel|Scan_Chain:scan_instance                                      ; Scan_Chain  ; work         ;
;       |Scan_Reg:In_Reg|          ; 11 (11)     ; 6            ; 0          ; 0    ; 0            ; 5 (5)        ; 0 (0)             ; 6 (6)            ; 0 (0)           ; 0 (0)      ; |TopLevel|Scan_Chain:scan_instance|Scan_Reg:In_Reg                      ; Scan_Reg    ; work         ;
;       |Scan_Reg:Out_Reg|         ; 4 (4)       ; 1            ; 0          ; 0    ; 0            ; 3 (3)        ; 0 (0)             ; 1 (1)            ; 0 (0)           ; 0 (0)      ; |TopLevel|Scan_Chain:scan_instance|Scan_Reg:Out_Reg                     ; Scan_Reg    ; work         ;
+----------------------------------+-------------+--------------+------------+------+--------------+--------------+-------------------+------------------+-----------------+------------+-------------------------------------------------------------------------+-------------+--------------+
Note: For table entries with two numbers listed, the numbers in parentheses indicate the number of resources of the given type used by the specific entity alone. The numbers listed outside of parentheses indicate the total resources of the given type used by the specific entity and all of its sub-entities in the hierarchy.


Encoding Type:  One-Hot
+------------------------------------------------------------------------------------------------------------------------------------------------+
; State Machine - |TopLevel|Scan_Chain:scan_instance|current_state                                                                               ;
+-------------------------+------------------------+-----------------------+-------------------------+--------------------+----------------------+
; Name                    ; current_state.s_update ; current_state.s_shift ; current_state.s_capture ; current_state.s_DR ; current_state.s_idle ;
+-------------------------+------------------------+-----------------------+-------------------------+--------------------+----------------------+
; current_state.s_idle    ; 0                      ; 0                     ; 0                       ; 0                  ; 0                    ;
; current_state.s_DR      ; 0                      ; 0                     ; 0                       ; 1                  ; 1                    ;
; current_state.s_capture ; 0                      ; 0                     ; 1                       ; 0                  ; 1                    ;
; current_state.s_shift   ; 0                      ; 1                     ; 0                       ; 0                  ; 1                    ;
; current_state.s_update  ; 1                      ; 0                     ; 0                       ; 0                  ; 1                    ;
+-------------------------+------------------------+-----------------------+-------------------------+--------------------+----------------------+


+------------------------------------------------------+
; General Register Statistics                          ;
+----------------------------------------------+-------+
; Statistic                                    ; Value ;
+----------------------------------------------+-------+
; Total registers                              ; 15    ;
; Number of registers using Synchronous Clear  ; 1     ;
; Number of registers using Synchronous Load   ; 0     ;
; Number of registers using Asynchronous Clear ; 5     ;
; Number of registers using Asynchronous Load  ; 0     ;
; Number of registers using Clock Enable       ; 6     ;
; Number of registers using Preset             ; 0     ;
+----------------------------------------------+-------+


+------------------------------------------------------------------------------------------------------------------------------------------------------------------------+
; Multiplexer Restructuring Statistics (Restructuring Performed)                                                                                                         ;
+--------------------+-----------+---------------+----------------------+------------------------+------------+----------------------------------------------------------+
; Multiplexer Inputs ; Bus Width ; Baseline Area ; Area if Restructured ; Saving if Restructured ; Registered ; Example Multiplexer Output                               ;
+--------------------+-----------+---------------+----------------------+------------------------+------------+----------------------------------------------------------+
; 3:1                ; 3 bits    ; 6 LEs         ; 3 LEs                ; 3 LEs                  ; Yes        ; |TopLevel|Scan_Chain:scan_instance|Scan_Reg:In_Reg|L2[2] ;
; 4:1                ; 3 bits    ; 6 LEs         ; 3 LEs                ; 3 LEs                  ; Yes        ; |TopLevel|Scan_Chain:scan_instance|Scan_Reg:In_Reg|L1[0] ;
+--------------------+-----------+---------------+----------------------+------------------------+------------+----------------------------------------------------------+


+-----------------------------------------------------------------------+
; Parameter Settings for User Entity Instance: Scan_Chain:scan_instance ;
+----------------+-------+----------------------------------------------+
; Parameter Name ; Value ; Type                                         ;
+----------------+-------+----------------------------------------------+
; in_pins        ; 3     ; Signed Integer                               ;
; out_pins       ; 1     ; Signed Integer                               ;
+----------------+-------+----------------------------------------------+
Note: In order to hide this table in the UI and the text report file, please set the "Show Parameter Settings in Synthesis Report" option in "Analysis and Synthesis Settings -> More Settings" to "Off".


+---------------------------------------------------------------------------------------+
; Parameter Settings for User Entity Instance: Scan_Chain:scan_instance|Scan_Reg:In_Reg ;
+----------------+-------+--------------------------------------------------------------+
; Parameter Name ; Value ; Type                                                         ;
+----------------+-------+--------------------------------------------------------------+
; length         ; 3     ; Signed Integer                                               ;
+----------------+-------+--------------------------------------------------------------+
Note: In order to hide this table in the UI and the text report file, please set the "Show Parameter Settings in Synthesis Report" option in "Analysis and Synthesis Settings -> More Settings" to "Off".


+----------------------------------------------------------------------------------------+
; Parameter Settings for User Entity Instance: Scan_Chain:scan_instance|Scan_Reg:Out_Reg ;
+----------------+-------+---------------------------------------------------------------+
; Parameter Name ; Value ; Type                                                          ;
+----------------+-------+---------------------------------------------------------------+
; length         ; 1     ; Signed Integer                                                ;
+----------------+-------+---------------------------------------------------------------+
Note: In order to hide this table in the UI and the text report file, please set the "Show Parameter Settings in Synthesis Report" option in "Analysis and Synthesis Settings -> More Settings" to "Off".


+----------------------------------------------------------------------------------------------------------------+
; Port Connectivity Checks: "DUT:dut_instance|seqDetector:add_instance|Invert_1:Inv2"                            ;
+------+--------+----------+-------------------------------------------------------------------------------------+
; Port ; Type   ; Severity ; Details                                                                             ;
+------+--------+----------+-------------------------------------------------------------------------------------+
; y    ; Output ; Info     ; Connected to dangling logic. Logic that only feeds a dangling port will be removed. ;
+------+--------+----------+-------------------------------------------------------------------------------------+


+----------------------------------------------------------------------------------------------------------------+
; Port Connectivity Checks: "Scan_Chain:scan_instance|Scan_Reg:Out_Reg"                                          ;
+------+--------+----------+-------------------------------------------------------------------------------------+
; Port ; Type   ; Severity ; Details                                                                             ;
+------+--------+----------+-------------------------------------------------------------------------------------+
; po   ; Output ; Info     ; Connected to dangling logic. Logic that only feeds a dangling port will be removed. ;
+------+--------+----------+-------------------------------------------------------------------------------------+


+----------------------------------------------------------------------+
; Port Connectivity Checks: "Scan_Chain:scan_instance|Scan_Reg:In_Reg" ;
+------+-------+----------+--------------------------------------------+
; Port ; Type  ; Severity ; Details                                    ;
+------+-------+----------+--------------------------------------------+
; pi   ; Input ; Info     ; Stuck at GND                               ;
+------+-------+----------+--------------------------------------------+


+-------------------------------+
; Analysis & Synthesis Messages ;
+-------------------------------+
Info: *******************************************************************
Info: Running Quartus Prime Analysis & Synthesis
    Info: Version 20.1.0 Build 711 06/05/2020 SJ Lite Edition
    Info: Processing started: Thu Mar 18 13:19:32 2021
Info: Command: quartus_map --read_settings_files=on --write_settings_files=off Exp3 -c DUT
Warning (18236): Number of processors has not been specified which may cause overloading on shared machines.  Set the global assignment NUM_PARALLEL_PROCESSORS in your QSF to an appropriate value for best performance.
Info (20030): Parallel compilation is enabled and will use 4 of the 4 processors detected
Info (12021): Found 2 design units, including 1 entities, in source file toplevel.vhdl
    Info (12022): Found design unit 1: TopLevel-Struct File: E:/4. SPRING 2021/EE214/EXP 3/TopLevel.vhdl Line: 21
    Info (12023): Found entity 1: TopLevel File: E:/4. SPRING 2021/EE214/EXP 3/TopLevel.vhdl Line: 11
Info (12021): Found 2 design units, including 1 entities, in source file scan_reg.vhdl
    Info (12022): Found design unit 1: Scan_Reg-behave File: E:/4. SPRING 2021/EE214/EXP 3/scan_reg.vhdl Line: 26
    Info (12023): Found entity 1: Scan_Reg File: E:/4. SPRING 2021/EE214/EXP 3/scan_reg.vhdl Line: 10
Info (12021): Found 2 design units, including 1 entities, in source file scan_chain.vhdl
    Info (12022): Found design unit 1: Scan_Chain-behave File: E:/4. SPRING 2021/EE214/EXP 3/scan_chain.vhdl Line: 26
    Info (12023): Found entity 1: Scan_Chain File: E:/4. SPRING 2021/EE214/EXP 3/scan_chain.vhdl Line: 10
Info (12021): Found 2 design units, including 1 entities, in source file testbench.vhdl
    Info (12022): Found design unit 1: Testbench-Behave File: E:/4. SPRING 2021/EE214/EXP 3/Testbench.vhdl Line: 9
    Info (12023): Found entity 1: Testbench File: E:/4. SPRING 2021/EE214/EXP 3/Testbench.vhdl Line: 7
Info (12021): Found 2 design units, including 1 entities, in source file seqdetector.vhd
    Info (12022): Found design unit 1: seqDetector-struct File: E:/4. SPRING 2021/EE214/EXP 3/seqDetector.vhd Line: 13
    Info (12023): Found entity 1: seqDetector File: E:/4. SPRING 2021/EE214/EXP 3/seqDetector.vhd Line: 8
Info (12021): Found 29 design units, including 14 entities, in source file gates.vhdl
    Info (12022): Found design unit 1: Gates File: E:/4. SPRING 2021/EE214/EXP 3/Gates.vhdl Line: 3
    Info (12022): Found design unit 2: Invert_1-Equations File: E:/4. SPRING 2021/EE214/EXP 3/Gates.vhdl Line: 78
    Info (12022): Found design unit 3: And_2-Equations File: E:/4. SPRING 2021/EE214/EXP 3/Gates.vhdl Line: 90
    Info (12022): Found design unit 4: Nand_2-Equations File: E:/4. SPRING 2021/EE214/EXP 3/Gates.vhdl Line: 101
    Info (12022): Found design unit 5: Or_2-Equations File: E:/4. SPRING 2021/EE214/EXP 3/Gates.vhdl Line: 112
    Info (12022): Found design unit 6: Or_3-Equations File: E:/4. SPRING 2021/EE214/EXP 3/Gates.vhdl Line: 123
    Info (12022): Found design unit 7: Nor_2-Equations File: E:/4. SPRING 2021/EE214/EXP 3/Gates.vhdl Line: 134
    Info (12022): Found design unit 8: Xor_2-Equations File: E:/4. SPRING 2021/EE214/EXP 3/Gates.vhdl Line: 146
    Info (12022): Found design unit 9: Xnor_2-Equations File: E:/4. SPRING 2021/EE214/EXP 3/Gates.vhdl Line: 157
    Info (12022): Found design unit 10: Half_Adder-Equations File: E:/4. SPRING 2021/EE214/EXP 3/Gates.vhdl Line: 168
    Info (12022): Found design unit 11: Full_Adder-Equations File: E:/4. SPRING 2021/EE214/EXP 3/Gates.vhdl Line: 179
    Info (12022): Found design unit 12: Four_Bit_Adder-Equations File: E:/4. SPRING 2021/EE214/EXP 3/Gates.vhdl Line: 193
    Info (12022): Found design unit 13: BCD_Adder-Equations File: E:/4. SPRING 2021/EE214/EXP 3/Gates.vhdl Line: 251
    Info (12022): Found design unit 14: Eight_Bit_Multiply-Equations File: E:/4. SPRING 2021/EE214/EXP 3/Gates.vhdl Line: 330
    Info (12022): Found design unit 15: Eight_Bit_Adder-Equations File: E:/4. SPRING 2021/EE214/EXP 3/Gates.vhdl Line: 354
    Info (12023): Found entity 1: Invert_1 File: E:/4. SPRING 2021/EE214/EXP 3/Gates.vhdl Line: 74
    Info (12023): Found entity 2: And_2 File: E:/4. SPRING 2021/EE214/EXP 3/Gates.vhdl Line: 86
    Info (12023): Found entity 3: Nand_2 File: E:/4. SPRING 2021/EE214/EXP 3/Gates.vhdl Line: 97
    Info (12023): Found entity 4: Or_2 File: E:/4. SPRING 2021/EE214/EXP 3/Gates.vhdl Line: 108
    Info (12023): Found entity 5: Or_3 File: E:/4. SPRING 2021/EE214/EXP 3/Gates.vhdl Line: 119
    Info (12023): Found entity 6: Nor_2 File: E:/4. SPRING 2021/EE214/EXP 3/Gates.vhdl Line: 130
    Info (12023): Found entity 7: Xor_2 File: E:/4. SPRING 2021/EE214/EXP 3/Gates.vhdl Line: 142
    Info (12023): Found entity 8: Xnor_2 File: E:/4. SPRING 2021/EE214/EXP 3/Gates.vhdl Line: 153
    Info (12023): Found entity 9: Half_Adder File: E:/4. SPRING 2021/EE214/EXP 3/Gates.vhdl Line: 164
    Info (12023): Found entity 10: Full_Adder File: E:/4. SPRING 2021/EE214/EXP 3/Gates.vhdl Line: 176
    Info (12023): Found entity 11: Four_Bit_Adder File: E:/4. SPRING 2021/EE214/EXP 3/Gates.vhdl Line: 187
    Info (12023): Found entity 12: BCD_Adder File: E:/4. SPRING 2021/EE214/EXP 3/Gates.vhdl Line: 245
    Info (12023): Found entity 13: Eight_Bit_Multiply File: E:/4. SPRING 2021/EE214/EXP 3/Gates.vhdl Line: 324
    Info (12023): Found entity 14: Eight_Bit_Adder File: E:/4. SPRING 2021/EE214/EXP 3/Gates.vhdl Line: 348
Info (12021): Found 2 design units, including 1 entities, in source file dut.vhdl
    Info (12022): Found design unit 1: DUT-DutWrap File: E:/4. SPRING 2021/EE214/EXP 3/DUT.vhdl Line: 12
    Info (12023): Found entity 1: DUT File: E:/4. SPRING 2021/EE214/EXP 3/DUT.vhdl Line: 7
Info (12021): Found 3 design units, including 1 entities, in source file d_ff.vhd
    Info (12022): Found design unit 1: D_FF File: E:/4. SPRING 2021/EE214/EXP 3/D_FF.vhd Line: 4
    Info (12022): Found design unit 2: dFlipFlop-struct File: E:/4. SPRING 2021/EE214/EXP 3/D_FF.vhd Line: 22
    Info (12023): Found entity 1: dFlipFlop File: E:/4. SPRING 2021/EE214/EXP 3/D_FF.vhd Line: 17
Info (12127): Elaborating entity "TopLevel" for the top level hierarchy
Info (12128): Elaborating entity "Scan_Chain" for hierarchy "Scan_Chain:scan_instance" File: E:/4. SPRING 2021/EE214/EXP 3/TopLevel.vhdl Line: 64
Warning (10036): Verilog HDL or VHDL warning at scan_chain.vhdl(46): object "unused" assigned a value but never read File: E:/4. SPRING 2021/EE214/EXP 3/scan_chain.vhdl Line: 46
Info (12128): Elaborating entity "Scan_Reg" for hierarchy "Scan_Chain:scan_instance|Scan_Reg:In_Reg" File: E:/4. SPRING 2021/EE214/EXP 3/scan_chain.vhdl Line: 53
Info (12128): Elaborating entity "Scan_Reg" for hierarchy "Scan_Chain:scan_instance|Scan_Reg:Out_Reg" File: E:/4. SPRING 2021/EE214/EXP 3/scan_chain.vhdl Line: 55
Warning (10445): VHDL Subtype or Type Declaration warning at scan_reg.vhdl(36): subtype or type has null range File: E:/4. SPRING 2021/EE214/EXP 3/scan_reg.vhdl Line: 36
Info (12128): Elaborating entity "DUT" for hierarchy "DUT:dut_instance" File: E:/4. SPRING 2021/EE214/EXP 3/TopLevel.vhdl Line: 74
Info (12128): Elaborating entity "seqDetector" for hierarchy "DUT:dut_instance|seqDetector:add_instance" File: E:/4. SPRING 2021/EE214/EXP 3/DUT.vhdl Line: 21
Info (12128): Elaborating entity "Invert_1" for hierarchy "DUT:dut_instance|seqDetector:add_instance|Invert_1:Inv1" File: E:/4. SPRING 2021/EE214/EXP 3/seqDetector.vhd Line: 22
Info (12128): Elaborating entity "And_2" for hierarchy "DUT:dut_instance|seqDetector:add_instance|And_2:And1" File: E:/4. SPRING 2021/EE214/EXP 3/seqDetector.vhd Line: 27
Info (12128): Elaborating entity "Or_2" for hierarchy "DUT:dut_instance|seqDetector:add_instance|Or_2:Or1" File: E:/4. SPRING 2021/EE214/EXP 3/seqDetector.vhd Line: 30
Info (12128): Elaborating entity "dFlipFlop" for hierarchy "DUT:dut_instance|seqDetector:add_instance|dFlipFlop:FlipFlop1" File: E:/4. SPRING 2021/EE214/EXP 3/seqDetector.vhd Line: 33
Info (21057): Implemented 31 device resources after synthesis - the final resource count might be different
    Info (21058): Implemented 4 input pins
    Info (21059): Implemented 1 output pins
    Info (21061): Implemented 26 logic cells
Info: Quartus Prime Analysis & Synthesis was successful. 0 errors, 3 warnings
    Info: Peak virtual memory: 4767 megabytes
    Info: Processing ended: Thu Mar 18 13:19:44 2021
    Info: Elapsed time: 00:00:12
    Info: Total CPU time (on all processors): 00:00:31


