Flow report for song_tb
Thu Apr 01 17:15:54 2021
Quartus Prime Version 20.1.0 Build 711 06/05/2020 SJ Lite Edition


---------------------
; Table of Contents ;
---------------------
  1. Legal Notice
  2. Flow Summary
  3. Flow Settings
  4. Flow Non-Default Global Settings
  5. Flow Elapsed Time
  6. Flow OS Summary
  7. Flow Log
  8. Flow Messages
  9. Flow Suppressed Messages



----------------
; Legal Notice ;
----------------
Copyright (C) 2020  Intel Corporation. All rights reserved.
Your use of Intel Corporation's design tools, logic functions 
and other software and tools, and any partner logic 
functions, and any output files from any of the foregoing 
(including device programming or simulation files), and any 
associated documentation or information are expressly subject 
to the terms and conditions of the Intel Program License 
Subscription Agreement, the Intel Quartus Prime License Agreement,
the Intel FPGA IP License Agreement, or other applicable license
agreement, including, without limitation, that your use is for
the sole purpose of programming logic devices manufactured by
Intel and sold by Intel or its authorized distributors.  Please
refer to the applicable agreement for further details, at
https://fpgasoftware.intel.com/eula.



+---------------------------------------------------------------------+
; Flow Summary                                                        ;
+-----------------------+---------------------------------------------+
; Flow Status           ; Successful - Thu Apr 01 17:15:54 2021       ;
; Quartus Prime Version ; 20.1.0 Build 711 06/05/2020 SJ Lite Edition ;
; Revision Name         ; song_tb                                     ;
; Top-level Entity Name ; music                                       ;
; Family                ; MAX V                                       ;
; Device                ; 5M1270ZT144C5                               ;
; Timing Models         ; Final                                       ;
; Total logic elements  ; 551 / 1,270 ( 43 % )                        ;
; Total pins            ; 11 / 114 ( 10 % )                           ;
; Total virtual pins    ; 0                                           ;
; UFM blocks            ; 0 / 1 ( 0 % )                               ;
+-----------------------+---------------------------------------------+


+-----------------------------------------+
; Flow Settings                           ;
+-------------------+---------------------+
; Option            ; Setting             ;
+-------------------+---------------------+
; Start date & time ; 04/01/2021 17:15:33 ;
; Main task         ; Compilation         ;
; Revision Name     ; song_tb             ;
+-------------------+---------------------+


+----------------------------------------------------------------------------------------------------------------------------------------+
; Flow Non-Default Global Settings                                                                                                       ;
+--------------------------------------+-------------------------------+---------------+-------------+-----------------------------------+
; Assignment Name                      ; Value                         ; Default Value ; Entity Name ; Section Id                        ;
+--------------------------------------+-------------------------------+---------------+-------------+-----------------------------------+
; COMPILER_SIGNATURE_ID                ; 1097197153304.161727753316632 ; --            ; --          ; --                                ;
; EDA_DESIGN_INSTANCE_NAME             ; dut_instance                  ; --            ; --          ; song_tb.vhd                       ;
; EDA_GENERATE_FUNCTIONAL_NETLIST      ; Off                           ; --            ; --          ; eda_board_design_timing           ;
; EDA_GENERATE_FUNCTIONAL_NETLIST      ; Off                           ; --            ; --          ; eda_board_design_boundary_scan    ;
; EDA_GENERATE_FUNCTIONAL_NETLIST      ; Off                           ; --            ; --          ; eda_board_design_signal_integrity ;
; EDA_GENERATE_FUNCTIONAL_NETLIST      ; Off                           ; --            ; --          ; eda_board_design_symbol           ;
; EDA_NATIVELINK_SIMULATION_TEST_BENCH ; song_tb.vhd                   ; --            ; --          ; eda_simulation                    ;
; EDA_OUTPUT_DATA_FORMAT               ; Vhdl                          ; --            ; --          ; eda_simulation                    ;
; EDA_SIMULATION_TOOL                  ; ModelSim-Altera (VHDL)        ; <None>        ; --          ; --                                ;
; EDA_TEST_BENCH_ENABLE_STATUS         ; TEST_BENCH_MODE               ; --            ; --          ; eda_simulation                    ;
; EDA_TEST_BENCH_FILE                  ; song_tb.vhd                   ; --            ; --          ; song_tb.vhd                       ;
; EDA_TEST_BENCH_MODULE_NAME           ; song_tb                       ; --            ; --          ; song_tb.vhd                       ;
; EDA_TEST_BENCH_NAME                  ; song_tb.vhd                   ; --            ; --          ; eda_simulation                    ;
; EDA_TEST_BENCH_RUN_SIM_FOR           ; 10 s                          ; --            ; --          ; song_tb.vhd                       ;
; EDA_TIME_SCALE                       ; 1 ps                          ; --            ; --          ; eda_simulation                    ;
; MAX_CORE_JUNCTION_TEMP               ; 85                            ; --            ; --          ; --                                ;
; MIN_CORE_JUNCTION_TEMP               ; 0                             ; --            ; --          ; --                                ;
; POWER_PRESET_COOLING_SOLUTION        ; No Heat Sink With Still Air   ; --            ; --          ; --                                ;
; PROJECT_OUTPUT_DIRECTORY             ; output_files                  ; --            ; --          ; --                                ;
; TOP_LEVEL_ENTITY                     ; music                         ; song_tb       ; --          ; --                                ;
+--------------------------------------+-------------------------------+---------------+-------------+-----------------------------------+


+--------------------------------------------------------------------------------------------------------------------------+
; Flow Elapsed Time                                                                                                        ;
+----------------------+--------------+-------------------------+---------------------+------------------------------------+
; Module Name          ; Elapsed Time ; Average Processors Used ; Peak Virtual Memory ; Total CPU Time (on all processors) ;
+----------------------+--------------+-------------------------+---------------------+------------------------------------+
; Analysis & Synthesis ; 00:00:11     ; 1.0                     ; 4775 MB             ; 00:00:28                           ;
; Fitter               ; 00:00:04     ; 1.0                     ; 5364 MB             ; 00:00:07                           ;
; Assembler            ; 00:00:00     ; 1.0                     ; 4668 MB             ; 00:00:00                           ;
; Timing Analyzer      ; 00:00:02     ; 1.0                     ; 4690 MB             ; 00:00:01                           ;
; EDA Netlist Writer   ; 00:00:00     ; 1.0                     ; 4630 MB             ; 00:00:01                           ;
; Total                ; 00:00:17     ; --                      ; --                  ; 00:00:37                           ;
+----------------------+--------------+-------------------------+---------------------+------------------------------------+


+------------------------------------------------------------------------------------+
; Flow OS Summary                                                                    ;
+----------------------+------------------+------------+------------+----------------+
; Module Name          ; Machine Hostname ; OS Name    ; OS Version ; Processor type ;
+----------------------+------------------+------------+------------+----------------+
; Analysis & Synthesis ; Mayur16          ; Windows 10 ; 10.0       ; x86_64         ;
; Fitter               ; Mayur16          ; Windows 10 ; 10.0       ; x86_64         ;
; Assembler            ; Mayur16          ; Windows 10 ; 10.0       ; x86_64         ;
; Timing Analyzer      ; Mayur16          ; Windows 10 ; 10.0       ; x86_64         ;
; EDA Netlist Writer   ; Mayur16          ; Windows 10 ; 10.0       ; x86_64         ;
+----------------------+------------------+------------+------------+----------------+


------------
; Flow Log ;
------------
quartus_map --read_settings_files=on --write_settings_files=off Exp6 -c song_tb
quartus_fit --read_settings_files=off --write_settings_files=off Exp6 -c song_tb
quartus_asm --read_settings_files=off --write_settings_files=off Exp6 -c song_tb
quartus_sta Exp6 -c song_tb
quartus_eda --read_settings_files=off --write_settings_files=off Exp6 -c song_tb



